{"contracts\\0n1Gear.sol":{"l":{"61":8,"69":8,"70":8,"71":8,"72":8,"75":8,"76":8,"77":4,"81":8,"82":4,"83":4,"84":4,"85":4,"86":4,"90":0,"103":8,"113":1,"114":1,"117":1,"118":8,"119":8,"120":8,"129":1,"131":1,"144":1,"158":1,"171":1,"175":1,"179":15,"183":5,"187":4,"193":8,"194":6,"195":4,"196":4,"200":4,"201":4,"202":2,"203":5,"205":5,"206":21,"207":5,"209":5,"210":5,"213":5,"214":5,"219":1,"220":1,"228":25,"229":25,"230":15,"231":15,"232":39,"234":15,"238":24,"239":22,"240":16,"241":16,"247":10,"248":10,"249":26,"250":26,"251":8,"254":10,"255":4,"257":4,"258":10,"259":10,"260":10,"261":8,"262":8,"263":8,"269":13,"270":13,"271":11,"272":11,"273":11,"274":11,"275":9,"276":5,"277":5,"278":8,"279":8,"280":3,"281":3,"284":5,"285":3,"286":3,"287":3,"291":15,"293":13,"294":22,"295":22,"296":14,"297":14,"299":3,"300":6,"301":6,"302":6,"303":6,"308":1,"310":1,"311":1,"312":1,"313":1,"314":1,"315":1,"316":1,"323":8,"324":0,"326":8,"327":8,"328":8,"329":23,"330":23,"332":8,"333":8,"334":23,"335":23,"336":23,"338":8},"path":"C:\\Users\\Oli\\0n1Loot\\contracts\\0n1Gear.sol","s":{"1":8,"2":8,"3":8,"4":8,"5":8,"6":8,"7":8,"8":4,"9":8,"10":4,"11":4,"12":4,"13":4,"14":4,"15":0,"16":8,"17":1,"18":1,"19":1,"20":8,"21":8,"22":8,"23":1,"24":1,"25":1,"26":1,"27":1,"28":1,"29":15,"30":5,"31":4,"32":8,"33":6,"34":4,"35":4,"36":4,"37":4,"38":2,"39":5,"40":5,"41":21,"42":5,"43":5,"44":5,"45":1,"46":1,"47":25,"48":25,"49":15,"50":15,"51":39,"52":15,"53":24,"54":22,"55":16,"56":16,"57":10,"58":10,"59":26,"60":26,"61":10,"62":4,"63":4,"64":10,"65":10,"66":10,"67":8,"68":8,"69":13,"70":13,"71":11,"72":11,"73":11,"74":11,"75":9,"76":5,"77":5,"78":8,"79":8,"80":3,"81":5,"82":3,"83":3,"84":15,"85":13,"86":22,"87":22,"88":14,"89":14,"90":3,"91":6,"92":6,"93":6,"94":1,"95":1,"96":1,"97":1,"98":1,"99":1,"100":1,"101":1,"102":8,"103":0,"104":8,"105":8,"106":8,"107":23,"108":8,"109":8,"110":23,"111":23,"112":23,"113":8},"b":{"1":[4,4],"2":[4,4],"3":[4,0],"4":[6,2],"5":[4,2],"6":[4,0],"7":[4,0],"8":[4,0],"9":[2,2],"10":[5,16],"11":[15,10],"12":[22,2],"13":[16,6],"14":[16,0],"15":[8,18],"16":[4,6],"17":[4,0],"18":[8,2],"19":[13,0],"20":[11,2],"21":[11,0],"22":[11,0],"23":[9,2],"24":[3,5],"25":[3,2],"26":[13,2],"27":[14,8],"28":[12,2],"29":[0,8]},"f":{"1":8,"2":8,"3":1,"4":15,"5":5,"6":4,"7":8,"8":1,"9":25,"10":24,"11":13,"12":15,"13":1,"14":8},"fnMap":{"1":{"name":"random","line":60,"loc":{"start":{"line":60,"column":4},"end":{"line":62,"column":4}}},"2":{"name":"pluck","line":64,"loc":{"start":{"line":64,"column":4},"end":{"line":104,"column":4}}},"3":{"name":"tokenURI","line":106,"loc":{"start":{"line":106,"column":4},"end":{"line":176,"column":4}}},"4":{"name":"totalSupply","line":178,"loc":{"start":{"line":178,"column":4},"end":{"line":180,"column":4}}},"5":{"name":"setIsActive","line":182,"loc":{"start":{"line":182,"column":4},"end":{"line":184,"column":4}}},"6":{"name":"setIsAllowListActive","line":186,"loc":{"start":{"line":186,"column":4},"end":{"line":188,"column":4}}},"7":{"name":"purchase","line":192,"loc":{"start":{"line":192,"column":4},"end":{"line":216,"column":4}}},"8":{"name":"setOniContractAddress","line":218,"loc":{"start":{"line":218,"column":4},"end":{"line":221,"column":4}}},"9":{"name":"getTokenIdsForOni","line":223,"loc":{"start":{"line":223,"column":4},"end":{"line":235,"column":4}}},"10":{"name":"claimAllTokens","line":237,"loc":{"start":{"line":237,"column":4},"end":{"line":266,"column":4}}},"11":{"name":"claimToken","line":268,"loc":{"start":{"line":268,"column":4},"end":{"line":288,"column":4}}},"12":{"name":"ownerClaim","line":290,"loc":{"start":{"line":290,"column":4},"end":{"line":305,"column":4}}},"13":{"name":"constructor","line":307,"loc":{"start":{"line":307,"column":4},"end":{"line":317,"column":4}}},"14":{"name":"toString","line":319,"loc":{"start":{"line":319,"column":4},"end":{"line":339,"column":4}}}},"statementMap":{"1":{"start":{"line":61,"column":8},"end":{"line":61,"column":58}},"2":{"start":{"line":69,"column":8},"end":{"line":69,"column":57}},"3":{"start":{"line":70,"column":8},"end":{"line":70,"column":75}},"4":{"start":{"line":71,"column":8},"end":{"line":71,"column":34}},"5":{"start":{"line":72,"column":8},"end":{"line":72,"column":2806}},"6":{"start":{"line":75,"column":8},"end":{"line":75,"column":37}},"7":{"start":{"line":76,"column":8},"end":{"line":76,"column":2967}},"8":{"start":{"line":77,"column":12},"end":{"line":77,"column":3006}},"9":{"start":{"line":81,"column":8},"end":{"line":81,"column":3136}},"10":{"start":{"line":82,"column":12},"end":{"line":82,"column":33}},"11":{"start":{"line":83,"column":12},"end":{"line":83,"column":61}},"12":{"start":{"line":84,"column":12},"end":{"line":84,"column":61}},"13":{"start":{"line":85,"column":12},"end":{"line":85,"column":3342}},"14":{"start":{"line":86,"column":16},"end":{"line":86,"column":3386}},"15":{"start":{"line":90,"column":16},"end":{"line":90,"column":3542}},"16":{"start":{"line":103,"column":8},"end":{"line":103,"column":21}},"17":{"start":{"line":113,"column":8},"end":{"line":113,"column":31}},"18":{"start":{"line":114,"column":8},"end":{"line":114,"column":4440}},"19":{"start":{"line":117,"column":8},"end":{"line":117,"column":4483}},"20":{"start":{"line":118,"column":12},"end":{"line":118,"column":40}},"21":{"start":{"line":119,"column":12},"end":{"line":119,"column":58}},"22":{"start":{"line":120,"column":12},"end":{"line":120,"column":4639}},"23":{"start":{"line":129,"column":8},"end":{"line":129,"column":34}},"24":{"start":{"line":131,"column":8},"end":{"line":131,"column":4937}},"25":{"start":{"line":144,"column":8},"end":{"line":144,"column":5276}},"26":{"start":{"line":158,"column":8},"end":{"line":158,"column":5610}},"27":{"start":{"line":171,"column":8},"end":{"line":171,"column":6167}},"28":{"start":{"line":175,"column":8},"end":{"line":175,"column":21}},"29":{"start":{"line":179,"column":8},"end":{"line":179,"column":26}},"30":{"start":{"line":183,"column":8},"end":{"line":183,"column":28}},"31":{"start":{"line":187,"column":8},"end":{"line":187,"column":45}},"32":{"start":{"line":193,"column":8},"end":{"line":193,"column":46}},"33":{"start":{"line":194,"column":8},"end":{"line":194,"column":58}},"34":{"start":{"line":195,"column":8},"end":{"line":195,"column":61}},"35":{"start":{"line":196,"column":8},"end":{"line":196,"column":6957}},"36":{"start":{"line":200,"column":8},"end":{"line":200,"column":75}},"37":{"start":{"line":201,"column":8},"end":{"line":201,"column":68}},"38":{"start":{"line":202,"column":8},"end":{"line":202,"column":7232}},"39":{"start":{"line":203,"column":12},"end":{"line":203,"column":28}},"40":{"start":{"line":205,"column":12},"end":{"line":205,"column":7382}},"41":{"start":{"line":206,"column":16},"end":{"line":206,"column":7450}},"42":{"start":{"line":207,"column":20},"end":{"line":207,"column":31}},"43":{"start":{"line":209,"column":20},"end":{"line":209,"column":41}},"44":{"start":{"line":214,"column":12},"end":{"line":214,"column":42}},"45":{"start":{"line":219,"column":8},"end":{"line":219,"column":31}},"46":{"start":{"line":220,"column":8},"end":{"line":220,"column":52}},"47":{"start":{"line":228,"column":8},"end":{"line":228,"column":60}},"48":{"start":{"line":229,"column":8},"end":{"line":229,"column":53}},"49":{"start":{"line":230,"column":8},"end":{"line":230,"column":71}},"50":{"start":{"line":231,"column":8},"end":{"line":231,"column":8288}},"51":{"start":{"line":232,"column":12},"end":{"line":232,"column":75}},"52":{"start":{"line":234,"column":8},"end":{"line":234,"column":31}},"53":{"start":{"line":238,"column":8},"end":{"line":238,"column":46}},"54":{"start":{"line":239,"column":8},"end":{"line":239,"column":56}},"55":{"start":{"line":240,"column":8},"end":{"line":240,"column":61}},"56":{"start":{"line":241,"column":8},"end":{"line":241,"column":77}},"57":{"start":{"line":247,"column":8},"end":{"line":247,"column":29}},"58":{"start":{"line":248,"column":8},"end":{"line":248,"column":9169}},"59":{"start":{"line":249,"column":12},"end":{"line":249,"column":71}},"60":{"start":{"line":250,"column":12},"end":{"line":250,"column":9320}},"61":{"start":{"line":254,"column":8},"end":{"line":254,"column":59}},"62":{"start":{"line":255,"column":8},"end":{"line":255,"column":74}},"63":{"start":{"line":257,"column":8},"end":{"line":257,"column":9551}},"64":{"start":{"line":258,"column":12},"end":{"line":258,"column":53}},"65":{"start":{"line":259,"column":12},"end":{"line":259,"column":55}},"66":{"start":{"line":260,"column":12},"end":{"line":260,"column":9742}},"67":{"start":{"line":262,"column":16},"end":{"line":262,"column":43}},"68":{"start":{"line":263,"column":16},"end":{"line":263,"column":45}},"69":{"start":{"line":269,"column":8},"end":{"line":269,"column":46}},"70":{"start":{"line":270,"column":8},"end":{"line":270,"column":56}},"71":{"start":{"line":271,"column":8},"end":{"line":271,"column":61}},"72":{"start":{"line":272,"column":8},"end":{"line":272,"column":58}},"73":{"start":{"line":273,"column":8},"end":{"line":273,"column":49}},"74":{"start":{"line":274,"column":8},"end":{"line":274,"column":49}},"75":{"start":{"line":275,"column":8},"end":{"line":275,"column":77}},"76":{"start":{"line":276,"column":8},"end":{"line":276,"column":28}},"77":{"start":{"line":277,"column":8},"end":{"line":277,"column":10445}},"78":{"start":{"line":278,"column":12},"end":{"line":278,"column":56}},"79":{"start":{"line":279,"column":12},"end":{"line":279,"column":10581}},"80":{"start":{"line":280,"column":16},"end":{"line":280,"column":29}},"81":{"start":{"line":284,"column":8},"end":{"line":284,"column":41}},"82":{"start":{"line":286,"column":8},"end":{"line":286,"column":33}},"83":{"start":{"line":287,"column":8},"end":{"line":287,"column":35}},"84":{"start":{"line":291,"column":8},"end":{"line":291,"column":46}},"85":{"start":{"line":293,"column":8},"end":{"line":293,"column":11030}},"86":{"start":{"line":294,"column":12},"end":{"line":294,"column":37}},"87":{"start":{"line":295,"column":12},"end":{"line":295,"column":78}},"88":{"start":{"line":296,"column":12},"end":{"line":296,"column":53}},"89":{"start":{"line":297,"column":12},"end":{"line":297,"column":53}},"90":{"start":{"line":299,"column":8},"end":{"line":299,"column":11331}},"91":{"start":{"line":300,"column":12},"end":{"line":300,"column":37}},"92":{"start":{"line":302,"column":12},"end":{"line":302,"column":37}},"93":{"start":{"line":303,"column":12},"end":{"line":303,"column":36}},"94":{"start":{"line":308,"column":8},"end":{"line":308,"column":77}},"95":{"start":{"line":310,"column":8},"end":{"line":310,"column":77}},"96":{"start":{"line":311,"column":8},"end":{"line":311,"column":77}},"97":{"start":{"line":312,"column":8},"end":{"line":312,"column":77}},"98":{"start":{"line":313,"column":8},"end":{"line":313,"column":77}},"99":{"start":{"line":314,"column":8},"end":{"line":314,"column":77}},"100":{"start":{"line":315,"column":8},"end":{"line":315,"column":77}},"101":{"start":{"line":316,"column":8},"end":{"line":316,"column":77}},"102":{"start":{"line":323,"column":8},"end":{"line":323,"column":12611}},"103":{"start":{"line":324,"column":12},"end":{"line":324,"column":22}},"104":{"start":{"line":326,"column":8},"end":{"line":326,"column":28}},"105":{"start":{"line":327,"column":8},"end":{"line":327,"column":22}},"106":{"start":{"line":328,"column":8},"end":{"line":328,"column":12730}},"107":{"start":{"line":330,"column":12},"end":{"line":330,"column":21}},"108":{"start":{"line":332,"column":8},"end":{"line":332,"column":47}},"109":{"start":{"line":333,"column":8},"end":{"line":333,"column":12868}},"110":{"start":{"line":334,"column":12},"end":{"line":334,"column":22}},"111":{"start":{"line":335,"column":12},"end":{"line":335,"column":67}},"112":{"start":{"line":336,"column":12},"end":{"line":336,"column":22}},"113":{"start":{"line":338,"column":8},"end":{"line":338,"column":29}}},"branchMap":{"1":{"line":76,"type":"if","locations":[{"start":{"line":76,"column":8},"end":{"line":76,"column":8}},{"start":{"line":76,"column":8},"end":{"line":76,"column":8}}]},"2":{"line":81,"type":"if","locations":[{"start":{"line":81,"column":8},"end":{"line":81,"column":8}},{"start":{"line":81,"column":8},"end":{"line":81,"column":8}}]},"3":{"line":85,"type":"if","locations":[{"start":{"line":85,"column":12},"end":{"line":85,"column":12}},{"start":{"line":85,"column":12},"end":{"line":85,"column":12}}]},"4":{"line":193,"type":"if","locations":[{"start":{"line":193,"column":8},"end":{"line":193,"column":8}},{"start":{"line":193,"column":8},"end":{"line":193,"column":8}}]},"5":{"line":194,"type":"if","locations":[{"start":{"line":194,"column":8},"end":{"line":194,"column":8}},{"start":{"line":194,"column":8},"end":{"line":194,"column":8}}]},"6":{"line":195,"type":"if","locations":[{"start":{"line":195,"column":8},"end":{"line":195,"column":8}},{"start":{"line":195,"column":8},"end":{"line":195,"column":8}}]},"7":{"line":196,"type":"if","locations":[{"start":{"line":196,"column":8},"end":{"line":196,"column":8}},{"start":{"line":196,"column":8},"end":{"line":196,"column":8}}]},"8":{"line":200,"type":"if","locations":[{"start":{"line":200,"column":8},"end":{"line":200,"column":8}},{"start":{"line":200,"column":8},"end":{"line":200,"column":8}}]},"9":{"line":201,"type":"if","locations":[{"start":{"line":201,"column":8},"end":{"line":201,"column":8}},{"start":{"line":201,"column":8},"end":{"line":201,"column":8}}]},"10":{"line":206,"type":"if","locations":[{"start":{"line":206,"column":16},"end":{"line":206,"column":16}},{"start":{"line":206,"column":16},"end":{"line":206,"column":16}}]},"11":{"line":229,"type":"if","locations":[{"start":{"line":229,"column":8},"end":{"line":229,"column":8}},{"start":{"line":229,"column":8},"end":{"line":229,"column":8}}]},"12":{"line":238,"type":"if","locations":[{"start":{"line":238,"column":8},"end":{"line":238,"column":8}},{"start":{"line":238,"column":8},"end":{"line":238,"column":8}}]},"13":{"line":239,"type":"if","locations":[{"start":{"line":239,"column":8},"end":{"line":239,"column":8}},{"start":{"line":239,"column":8},"end":{"line":239,"column":8}}]},"14":{"line":240,"type":"if","locations":[{"start":{"line":240,"column":8},"end":{"line":240,"column":8}},{"start":{"line":240,"column":8},"end":{"line":240,"column":8}}]},"15":{"line":250,"type":"if","locations":[{"start":{"line":250,"column":12},"end":{"line":250,"column":12}},{"start":{"line":250,"column":12},"end":{"line":250,"column":12}}]},"16":{"line":254,"type":"if","locations":[{"start":{"line":254,"column":8},"end":{"line":254,"column":8}},{"start":{"line":254,"column":8},"end":{"line":254,"column":8}}]},"17":{"line":255,"type":"if","locations":[{"start":{"line":255,"column":8},"end":{"line":255,"column":8}},{"start":{"line":255,"column":8},"end":{"line":255,"column":8}}]},"18":{"line":260,"type":"if","locations":[{"start":{"line":260,"column":12},"end":{"line":260,"column":12}},{"start":{"line":260,"column":12},"end":{"line":260,"column":12}}]},"19":{"line":269,"type":"if","locations":[{"start":{"line":269,"column":8},"end":{"line":269,"column":8}},{"start":{"line":269,"column":8},"end":{"line":269,"column":8}}]},"20":{"line":270,"type":"if","locations":[{"start":{"line":270,"column":8},"end":{"line":270,"column":8}},{"start":{"line":270,"column":8},"end":{"line":270,"column":8}}]},"21":{"line":271,"type":"if","locations":[{"start":{"line":271,"column":8},"end":{"line":271,"column":8}},{"start":{"line":271,"column":8},"end":{"line":271,"column":8}}]},"22":{"line":272,"type":"if","locations":[{"start":{"line":272,"column":8},"end":{"line":272,"column":8}},{"start":{"line":272,"column":8},"end":{"line":272,"column":8}}]},"23":{"line":274,"type":"if","locations":[{"start":{"line":274,"column":8},"end":{"line":274,"column":8}},{"start":{"line":274,"column":8},"end":{"line":274,"column":8}}]},"24":{"line":279,"type":"if","locations":[{"start":{"line":279,"column":12},"end":{"line":279,"column":12}},{"start":{"line":279,"column":12},"end":{"line":279,"column":12}}]},"25":{"line":284,"type":"if","locations":[{"start":{"line":284,"column":8},"end":{"line":284,"column":8}},{"start":{"line":284,"column":8},"end":{"line":284,"column":8}}]},"26":{"line":291,"type":"if","locations":[{"start":{"line":291,"column":8},"end":{"line":291,"column":8}},{"start":{"line":291,"column":8},"end":{"line":291,"column":8}}]},"27":{"line":295,"type":"if","locations":[{"start":{"line":295,"column":12},"end":{"line":295,"column":12}},{"start":{"line":295,"column":12},"end":{"line":295,"column":12}}]},"28":{"line":297,"type":"if","locations":[{"start":{"line":297,"column":12},"end":{"line":297,"column":12}},{"start":{"line":297,"column":12},"end":{"line":297,"column":12}}]},"29":{"line":323,"type":"if","locations":[{"start":{"line":323,"column":8},"end":{"line":323,"column":8}},{"start":{"line":323,"column":8},"end":{"line":323,"column":8}}]}}},"contracts\\Migrations.sol":{"l":{"9":0,"13":0,"17":0},"path":"C:\\Users\\Oli\\0n1Loot\\contracts\\Migrations.sol","s":{"1":0,"2":0},"b":{"1":[0,0]},"f":{"1":0,"2":0},"fnMap":{"1":{"name":"restricted","line":8,"loc":{"start":{"line":8,"column":2},"end":{"line":14,"column":2}}},"2":{"name":"setCompleted","line":16,"loc":{"start":{"line":16,"column":2},"end":{"line":18,"column":2}}}},"statementMap":{"1":{"start":{"line":9,"column":4},"end":{"line":9,"column":201}},"2":{"start":{"line":17,"column":4},"end":{"line":17,"column":39}}},"branchMap":{"1":{"line":9,"type":"if","locations":[{"start":{"line":9,"column":4},"end":{"line":9,"column":4}},{"start":{"line":9,"column":4},"end":{"line":9,"column":4}}]}}},"contracts\\mocks\\OniMock.sol":{"l":{"7":0,"15":7,"16":39,"20":39},"path":"C:\\Users\\Oli\\0n1Loot\\contracts\\mocks\\OniMock.sol","s":{"1":7,"2":39,"3":39,"4":25},"b":{},"f":{"1":0,"2":7,"3":39},"fnMap":{"1":{"name":"setOwnerOnis","line":6,"loc":{"start":{"line":6,"column":4},"end":{"line":8,"column":4}}},"2":{"name":"tokenOfOwnerByIndex","line":10,"loc":{"start":{"line":10,"column":4},"end":{"line":17,"column":4}}},"3":{"name":"balanceOf","line":19,"loc":{"start":{"line":19,"column":4},"end":{"line":21,"column":4}}}},"statementMap":{"1":{"start":{"line":7,"column":8},"end":{"line":7,"column":39}},"2":{"start":{"line":15,"column":8},"end":{"line":15,"column":60}},"3":{"start":{"line":16,"column":8},"end":{"line":16,"column":33}},"4":{"start":{"line":20,"column":8},"end":{"line":20,"column":43}}},"branchMap":{}}}