{"contracts\\0n1Gear.sol":{"l":{"61":8,"69":8,"70":8,"71":8,"74":8,"75":8,"76":4,"80":8,"81":4,"82":4,"83":4,"84":4,"85":4,"89":0,"102":8,"112":1,"113":1,"116":1,"117":8,"118":8,"119":8,"128":1,"130":1,"143":1,"157":1,"170":1,"174":1,"178":15,"182":5,"186":4,"192":8,"193":6,"194":4,"195":4,"199":4,"200":4,"201":2,"202":5,"204":5,"205":21,"206":5,"208":5,"209":5,"212":5,"213":5,"218":1,"219":1,"227":25,"228":25,"229":15,"230":15,"231":39,"233":15,"237":24,"238":22,"239":16,"240":16,"246":10,"247":10,"248":26,"249":26,"250":8,"253":10,"254":4,"256":4,"257":10,"258":10,"259":10,"260":8,"261":8,"262":8,"268":13,"269":13,"270":11,"271":11,"272":11,"273":11,"274":9,"275":5,"276":5,"277":8,"278":8,"279":3,"280":3,"283":5,"284":3,"285":3,"286":3,"290":15,"292":13,"293":22,"294":22,"295":14,"296":14,"298":3,"299":6,"300":6,"301":6,"302":6,"307":1,"309":1,"310":1,"311":1,"312":1,"313":1,"314":1,"315":1,"322":8,"323":0,"325":8,"326":8,"327":8,"328":23,"329":23,"331":8,"332":8,"333":23,"334":23,"335":23,"337":8},"path":"C:\\Users\\Oli\\0n1Loot\\contracts\\0n1Gear.sol","s":{"1":8,"2":8,"3":8,"4":8,"5":8,"6":8,"7":4,"8":8,"9":4,"10":4,"11":4,"12":4,"13":4,"14":0,"15":8,"16":1,"17":1,"18":1,"19":8,"20":8,"21":8,"22":1,"23":1,"24":1,"25":1,"26":1,"27":1,"28":15,"29":5,"30":4,"31":8,"32":6,"33":4,"34":4,"35":4,"36":4,"37":2,"38":5,"39":5,"40":21,"41":5,"42":5,"43":5,"44":1,"45":1,"46":25,"47":25,"48":15,"49":15,"50":39,"51":15,"52":24,"53":22,"54":16,"55":16,"56":10,"57":10,"58":26,"59":26,"60":10,"61":4,"62":4,"63":10,"64":10,"65":10,"66":8,"67":8,"68":13,"69":13,"70":11,"71":11,"72":11,"73":11,"74":9,"75":5,"76":5,"77":8,"78":8,"79":3,"80":5,"81":3,"82":3,"83":15,"84":13,"85":22,"86":22,"87":14,"88":14,"89":3,"90":6,"91":6,"92":6,"93":1,"94":1,"95":1,"96":1,"97":1,"98":1,"99":1,"100":1,"101":8,"102":0,"103":8,"104":8,"105":8,"106":23,"107":8,"108":8,"109":23,"110":23,"111":23,"112":8},"b":{"1":[4,4],"2":[4,4],"3":[4,0],"4":[6,2],"5":[4,2],"6":[4,0],"7":[4,0],"8":[4,0],"9":[2,2],"10":[5,16],"11":[15,10],"12":[22,2],"13":[16,6],"14":[16,0],"15":[8,18],"16":[4,6],"17":[4,0],"18":[8,2],"19":[13,0],"20":[11,2],"21":[11,0],"22":[11,0],"23":[9,2],"24":[3,5],"25":[3,2],"26":[13,2],"27":[14,8],"28":[12,2],"29":[0,8]},"f":{"1":8,"2":8,"3":1,"4":15,"5":5,"6":4,"7":8,"8":1,"9":25,"10":24,"11":13,"12":15,"13":1,"14":8},"fnMap":{"1":{"name":"random","line":60,"loc":{"start":{"line":60,"column":4},"end":{"line":62,"column":4}}},"2":{"name":"pluck","line":64,"loc":{"start":{"line":64,"column":4},"end":{"line":103,"column":4}}},"3":{"name":"tokenURI","line":105,"loc":{"start":{"line":105,"column":4},"end":{"line":175,"column":4}}},"4":{"name":"totalSupply","line":177,"loc":{"start":{"line":177,"column":4},"end":{"line":179,"column":4}}},"5":{"name":"setIsActive","line":181,"loc":{"start":{"line":181,"column":4},"end":{"line":183,"column":4}}},"6":{"name":"setIsAllowListActive","line":185,"loc":{"start":{"line":185,"column":4},"end":{"line":187,"column":4}}},"7":{"name":"purchase","line":191,"loc":{"start":{"line":191,"column":4},"end":{"line":215,"column":4}}},"8":{"name":"setOniContractAddress","line":217,"loc":{"start":{"line":217,"column":4},"end":{"line":220,"column":4}}},"9":{"name":"getTokenIdsForOni","line":222,"loc":{"start":{"line":222,"column":4},"end":{"line":234,"column":4}}},"10":{"name":"claimAllTokens","line":236,"loc":{"start":{"line":236,"column":4},"end":{"line":265,"column":4}}},"11":{"name":"claimToken","line":267,"loc":{"start":{"line":267,"column":4},"end":{"line":287,"column":4}}},"12":{"name":"ownerClaim","line":289,"loc":{"start":{"line":289,"column":4},"end":{"line":304,"column":4}}},"13":{"name":"constructor","line":306,"loc":{"start":{"line":306,"column":4},"end":{"line":316,"column":4}}},"14":{"name":"toString","line":318,"loc":{"start":{"line":318,"column":4},"end":{"line":338,"column":4}}}},"statementMap":{"1":{"start":{"line":61,"column":8},"end":{"line":61,"column":58}},"2":{"start":{"line":69,"column":8},"end":{"line":69,"column":57}},"3":{"start":{"line":70,"column":8},"end":{"line":70,"column":75}},"4":{"start":{"line":71,"column":8},"end":{"line":71,"column":2768}},"5":{"start":{"line":74,"column":8},"end":{"line":74,"column":37}},"6":{"start":{"line":75,"column":8},"end":{"line":75,"column":2929}},"7":{"start":{"line":76,"column":12},"end":{"line":76,"column":2968}},"8":{"start":{"line":80,"column":8},"end":{"line":80,"column":3098}},"9":{"start":{"line":81,"column":12},"end":{"line":81,"column":33}},"10":{"start":{"line":82,"column":12},"end":{"line":82,"column":61}},"11":{"start":{"line":83,"column":12},"end":{"line":83,"column":61}},"12":{"start":{"line":84,"column":12},"end":{"line":84,"column":3304}},"13":{"start":{"line":85,"column":16},"end":{"line":85,"column":3348}},"14":{"start":{"line":89,"column":16},"end":{"line":89,"column":3504}},"15":{"start":{"line":102,"column":8},"end":{"line":102,"column":21}},"16":{"start":{"line":112,"column":8},"end":{"line":112,"column":31}},"17":{"start":{"line":113,"column":8},"end":{"line":113,"column":4402}},"18":{"start":{"line":116,"column":8},"end":{"line":116,"column":4445}},"19":{"start":{"line":117,"column":12},"end":{"line":117,"column":40}},"20":{"start":{"line":118,"column":12},"end":{"line":118,"column":58}},"21":{"start":{"line":119,"column":12},"end":{"line":119,"column":4601}},"22":{"start":{"line":128,"column":8},"end":{"line":128,"column":34}},"23":{"start":{"line":130,"column":8},"end":{"line":130,"column":4899}},"24":{"start":{"line":143,"column":8},"end":{"line":143,"column":5238}},"25":{"start":{"line":157,"column":8},"end":{"line":157,"column":5572}},"26":{"start":{"line":170,"column":8},"end":{"line":170,"column":6129}},"27":{"start":{"line":174,"column":8},"end":{"line":174,"column":21}},"28":{"start":{"line":178,"column":8},"end":{"line":178,"column":26}},"29":{"start":{"line":182,"column":8},"end":{"line":182,"column":28}},"30":{"start":{"line":186,"column":8},"end":{"line":186,"column":45}},"31":{"start":{"line":192,"column":8},"end":{"line":192,"column":46}},"32":{"start":{"line":193,"column":8},"end":{"line":193,"column":58}},"33":{"start":{"line":194,"column":8},"end":{"line":194,"column":61}},"34":{"start":{"line":195,"column":8},"end":{"line":195,"column":6919}},"35":{"start":{"line":199,"column":8},"end":{"line":199,"column":75}},"36":{"start":{"line":200,"column":8},"end":{"line":200,"column":68}},"37":{"start":{"line":201,"column":8},"end":{"line":201,"column":7194}},"38":{"start":{"line":202,"column":12},"end":{"line":202,"column":28}},"39":{"start":{"line":204,"column":12},"end":{"line":204,"column":7344}},"40":{"start":{"line":205,"column":16},"end":{"line":205,"column":7412}},"41":{"start":{"line":206,"column":20},"end":{"line":206,"column":31}},"42":{"start":{"line":208,"column":20},"end":{"line":208,"column":41}},"43":{"start":{"line":213,"column":12},"end":{"line":213,"column":42}},"44":{"start":{"line":218,"column":8},"end":{"line":218,"column":31}},"45":{"start":{"line":219,"column":8},"end":{"line":219,"column":52}},"46":{"start":{"line":227,"column":8},"end":{"line":227,"column":60}},"47":{"start":{"line":228,"column":8},"end":{"line":228,"column":53}},"48":{"start":{"line":229,"column":8},"end":{"line":229,"column":71}},"49":{"start":{"line":230,"column":8},"end":{"line":230,"column":8250}},"50":{"start":{"line":231,"column":12},"end":{"line":231,"column":75}},"51":{"start":{"line":233,"column":8},"end":{"line":233,"column":31}},"52":{"start":{"line":237,"column":8},"end":{"line":237,"column":46}},"53":{"start":{"line":238,"column":8},"end":{"line":238,"column":56}},"54":{"start":{"line":239,"column":8},"end":{"line":239,"column":61}},"55":{"start":{"line":240,"column":8},"end":{"line":240,"column":77}},"56":{"start":{"line":246,"column":8},"end":{"line":246,"column":29}},"57":{"start":{"line":247,"column":8},"end":{"line":247,"column":9131}},"58":{"start":{"line":248,"column":12},"end":{"line":248,"column":71}},"59":{"start":{"line":249,"column":12},"end":{"line":249,"column":9282}},"60":{"start":{"line":253,"column":8},"end":{"line":253,"column":59}},"61":{"start":{"line":254,"column":8},"end":{"line":254,"column":74}},"62":{"start":{"line":256,"column":8},"end":{"line":256,"column":9513}},"63":{"start":{"line":257,"column":12},"end":{"line":257,"column":53}},"64":{"start":{"line":258,"column":12},"end":{"line":258,"column":55}},"65":{"start":{"line":259,"column":12},"end":{"line":259,"column":9704}},"66":{"start":{"line":261,"column":16},"end":{"line":261,"column":43}},"67":{"start":{"line":262,"column":16},"end":{"line":262,"column":45}},"68":{"start":{"line":268,"column":8},"end":{"line":268,"column":46}},"69":{"start":{"line":269,"column":8},"end":{"line":269,"column":56}},"70":{"start":{"line":270,"column":8},"end":{"line":270,"column":61}},"71":{"start":{"line":271,"column":8},"end":{"line":271,"column":58}},"72":{"start":{"line":272,"column":8},"end":{"line":272,"column":49}},"73":{"start":{"line":273,"column":8},"end":{"line":273,"column":49}},"74":{"start":{"line":274,"column":8},"end":{"line":274,"column":77}},"75":{"start":{"line":275,"column":8},"end":{"line":275,"column":28}},"76":{"start":{"line":276,"column":8},"end":{"line":276,"column":10407}},"77":{"start":{"line":277,"column":12},"end":{"line":277,"column":56}},"78":{"start":{"line":278,"column":12},"end":{"line":278,"column":10543}},"79":{"start":{"line":279,"column":16},"end":{"line":279,"column":29}},"80":{"start":{"line":283,"column":8},"end":{"line":283,"column":41}},"81":{"start":{"line":285,"column":8},"end":{"line":285,"column":33}},"82":{"start":{"line":286,"column":8},"end":{"line":286,"column":35}},"83":{"start":{"line":290,"column":8},"end":{"line":290,"column":46}},"84":{"start":{"line":292,"column":8},"end":{"line":292,"column":10992}},"85":{"start":{"line":293,"column":12},"end":{"line":293,"column":37}},"86":{"start":{"line":294,"column":12},"end":{"line":294,"column":78}},"87":{"start":{"line":295,"column":12},"end":{"line":295,"column":53}},"88":{"start":{"line":296,"column":12},"end":{"line":296,"column":53}},"89":{"start":{"line":298,"column":8},"end":{"line":298,"column":11293}},"90":{"start":{"line":299,"column":12},"end":{"line":299,"column":37}},"91":{"start":{"line":301,"column":12},"end":{"line":301,"column":37}},"92":{"start":{"line":302,"column":12},"end":{"line":302,"column":36}},"93":{"start":{"line":307,"column":8},"end":{"line":307,"column":77}},"94":{"start":{"line":309,"column":8},"end":{"line":309,"column":77}},"95":{"start":{"line":310,"column":8},"end":{"line":310,"column":77}},"96":{"start":{"line":311,"column":8},"end":{"line":311,"column":77}},"97":{"start":{"line":312,"column":8},"end":{"line":312,"column":77}},"98":{"start":{"line":313,"column":8},"end":{"line":313,"column":77}},"99":{"start":{"line":314,"column":8},"end":{"line":314,"column":77}},"100":{"start":{"line":315,"column":8},"end":{"line":315,"column":77}},"101":{"start":{"line":322,"column":8},"end":{"line":322,"column":12573}},"102":{"start":{"line":323,"column":12},"end":{"line":323,"column":22}},"103":{"start":{"line":325,"column":8},"end":{"line":325,"column":28}},"104":{"start":{"line":326,"column":8},"end":{"line":326,"column":22}},"105":{"start":{"line":327,"column":8},"end":{"line":327,"column":12692}},"106":{"start":{"line":329,"column":12},"end":{"line":329,"column":21}},"107":{"start":{"line":331,"column":8},"end":{"line":331,"column":47}},"108":{"start":{"line":332,"column":8},"end":{"line":332,"column":12830}},"109":{"start":{"line":333,"column":12},"end":{"line":333,"column":22}},"110":{"start":{"line":334,"column":12},"end":{"line":334,"column":67}},"111":{"start":{"line":335,"column":12},"end":{"line":335,"column":22}},"112":{"start":{"line":337,"column":8},"end":{"line":337,"column":29}}},"branchMap":{"1":{"line":75,"type":"if","locations":[{"start":{"line":75,"column":8},"end":{"line":75,"column":8}},{"start":{"line":75,"column":8},"end":{"line":75,"column":8}}]},"2":{"line":80,"type":"if","locations":[{"start":{"line":80,"column":8},"end":{"line":80,"column":8}},{"start":{"line":80,"column":8},"end":{"line":80,"column":8}}]},"3":{"line":84,"type":"if","locations":[{"start":{"line":84,"column":12},"end":{"line":84,"column":12}},{"start":{"line":84,"column":12},"end":{"line":84,"column":12}}]},"4":{"line":192,"type":"if","locations":[{"start":{"line":192,"column":8},"end":{"line":192,"column":8}},{"start":{"line":192,"column":8},"end":{"line":192,"column":8}}]},"5":{"line":193,"type":"if","locations":[{"start":{"line":193,"column":8},"end":{"line":193,"column":8}},{"start":{"line":193,"column":8},"end":{"line":193,"column":8}}]},"6":{"line":194,"type":"if","locations":[{"start":{"line":194,"column":8},"end":{"line":194,"column":8}},{"start":{"line":194,"column":8},"end":{"line":194,"column":8}}]},"7":{"line":195,"type":"if","locations":[{"start":{"line":195,"column":8},"end":{"line":195,"column":8}},{"start":{"line":195,"column":8},"end":{"line":195,"column":8}}]},"8":{"line":199,"type":"if","locations":[{"start":{"line":199,"column":8},"end":{"line":199,"column":8}},{"start":{"line":199,"column":8},"end":{"line":199,"column":8}}]},"9":{"line":200,"type":"if","locations":[{"start":{"line":200,"column":8},"end":{"line":200,"column":8}},{"start":{"line":200,"column":8},"end":{"line":200,"column":8}}]},"10":{"line":205,"type":"if","locations":[{"start":{"line":205,"column":16},"end":{"line":205,"column":16}},{"start":{"line":205,"column":16},"end":{"line":205,"column":16}}]},"11":{"line":228,"type":"if","locations":[{"start":{"line":228,"column":8},"end":{"line":228,"column":8}},{"start":{"line":228,"column":8},"end":{"line":228,"column":8}}]},"12":{"line":237,"type":"if","locations":[{"start":{"line":237,"column":8},"end":{"line":237,"column":8}},{"start":{"line":237,"column":8},"end":{"line":237,"column":8}}]},"13":{"line":238,"type":"if","locations":[{"start":{"line":238,"column":8},"end":{"line":238,"column":8}},{"start":{"line":238,"column":8},"end":{"line":238,"column":8}}]},"14":{"line":239,"type":"if","locations":[{"start":{"line":239,"column":8},"end":{"line":239,"column":8}},{"start":{"line":239,"column":8},"end":{"line":239,"column":8}}]},"15":{"line":249,"type":"if","locations":[{"start":{"line":249,"column":12},"end":{"line":249,"column":12}},{"start":{"line":249,"column":12},"end":{"line":249,"column":12}}]},"16":{"line":253,"type":"if","locations":[{"start":{"line":253,"column":8},"end":{"line":253,"column":8}},{"start":{"line":253,"column":8},"end":{"line":253,"column":8}}]},"17":{"line":254,"type":"if","locations":[{"start":{"line":254,"column":8},"end":{"line":254,"column":8}},{"start":{"line":254,"column":8},"end":{"line":254,"column":8}}]},"18":{"line":259,"type":"if","locations":[{"start":{"line":259,"column":12},"end":{"line":259,"column":12}},{"start":{"line":259,"column":12},"end":{"line":259,"column":12}}]},"19":{"line":268,"type":"if","locations":[{"start":{"line":268,"column":8},"end":{"line":268,"column":8}},{"start":{"line":268,"column":8},"end":{"line":268,"column":8}}]},"20":{"line":269,"type":"if","locations":[{"start":{"line":269,"column":8},"end":{"line":269,"column":8}},{"start":{"line":269,"column":8},"end":{"line":269,"column":8}}]},"21":{"line":270,"type":"if","locations":[{"start":{"line":270,"column":8},"end":{"line":270,"column":8}},{"start":{"line":270,"column":8},"end":{"line":270,"column":8}}]},"22":{"line":271,"type":"if","locations":[{"start":{"line":271,"column":8},"end":{"line":271,"column":8}},{"start":{"line":271,"column":8},"end":{"line":271,"column":8}}]},"23":{"line":273,"type":"if","locations":[{"start":{"line":273,"column":8},"end":{"line":273,"column":8}},{"start":{"line":273,"column":8},"end":{"line":273,"column":8}}]},"24":{"line":278,"type":"if","locations":[{"start":{"line":278,"column":12},"end":{"line":278,"column":12}},{"start":{"line":278,"column":12},"end":{"line":278,"column":12}}]},"25":{"line":283,"type":"if","locations":[{"start":{"line":283,"column":8},"end":{"line":283,"column":8}},{"start":{"line":283,"column":8},"end":{"line":283,"column":8}}]},"26":{"line":290,"type":"if","locations":[{"start":{"line":290,"column":8},"end":{"line":290,"column":8}},{"start":{"line":290,"column":8},"end":{"line":290,"column":8}}]},"27":{"line":294,"type":"if","locations":[{"start":{"line":294,"column":12},"end":{"line":294,"column":12}},{"start":{"line":294,"column":12},"end":{"line":294,"column":12}}]},"28":{"line":296,"type":"if","locations":[{"start":{"line":296,"column":12},"end":{"line":296,"column":12}},{"start":{"line":296,"column":12},"end":{"line":296,"column":12}}]},"29":{"line":322,"type":"if","locations":[{"start":{"line":322,"column":8},"end":{"line":322,"column":8}},{"start":{"line":322,"column":8},"end":{"line":322,"column":8}}]}}},"contracts\\Migrations.sol":{"l":{"9":0,"13":0,"17":0},"path":"C:\\Users\\Oli\\0n1Loot\\contracts\\Migrations.sol","s":{"1":0,"2":0},"b":{"1":[0,0]},"f":{"1":0,"2":0},"fnMap":{"1":{"name":"restricted","line":8,"loc":{"start":{"line":8,"column":2},"end":{"line":14,"column":2}}},"2":{"name":"setCompleted","line":16,"loc":{"start":{"line":16,"column":2},"end":{"line":18,"column":2}}}},"statementMap":{"1":{"start":{"line":9,"column":4},"end":{"line":9,"column":201}},"2":{"start":{"line":17,"column":4},"end":{"line":17,"column":39}}},"branchMap":{"1":{"line":9,"type":"if","locations":[{"start":{"line":9,"column":4},"end":{"line":9,"column":4}},{"start":{"line":9,"column":4},"end":{"line":9,"column":4}}]}}},"contracts\\mocks\\OniMock.sol":{"l":{"7":7,"15":39,"16":39,"20":25},"path":"C:\\Users\\Oli\\0n1Loot\\contracts\\mocks\\OniMock.sol","s":{"1":7,"2":39,"3":39,"4":25},"b":{},"f":{"1":7,"2":39,"3":25},"fnMap":{"1":{"name":"setOwnerOnis","line":6,"loc":{"start":{"line":6,"column":4},"end":{"line":8,"column":4}}},"2":{"name":"tokenOfOwnerByIndex","line":10,"loc":{"start":{"line":10,"column":4},"end":{"line":17,"column":4}}},"3":{"name":"balanceOf","line":19,"loc":{"start":{"line":19,"column":4},"end":{"line":21,"column":4}}}},"statementMap":{"1":{"start":{"line":7,"column":8},"end":{"line":7,"column":39}},"2":{"start":{"line":15,"column":8},"end":{"line":15,"column":60}},"3":{"start":{"line":16,"column":8},"end":{"line":16,"column":33}},"4":{"start":{"line":20,"column":8},"end":{"line":20,"column":43}}},"branchMap":{}}}