TN:
SF:C:\Users\Oli\0n1Loot\contracts\0n1Gear.sol
FN:60,random
FN:64,pluck
FN:106,tokenURI
FN:178,totalSupply
FN:182,setIsActive
FN:186,setIsAllowListActive
FN:192,purchase
FN:218,setOniContractAddress
FN:223,getTokenIdsForOni
FN:237,claimAllTokens
FN:268,claimToken
FN:290,ownerClaim
FN:307,constructor
FN:319,toString
FNF:14
FNH:14
FNDA:8,random
FNDA:8,pluck
FNDA:1,tokenURI
FNDA:15,totalSupply
FNDA:5,setIsActive
FNDA:4,setIsAllowListActive
FNDA:8,purchase
FNDA:1,setOniContractAddress
FNDA:25,getTokenIdsForOni
FNDA:24,claimAllTokens
FNDA:13,claimToken
FNDA:15,ownerClaim
FNDA:1,constructor
FNDA:8,toString
DA:61,8
DA:69,8
DA:70,8
DA:71,8
DA:72,8
DA:75,8
DA:76,8
DA:77,4
DA:81,8
DA:82,4
DA:83,4
DA:84,4
DA:85,4
DA:86,4
DA:90,0
DA:103,8
DA:113,1
DA:114,1
DA:117,1
DA:118,8
DA:119,8
DA:120,8
DA:129,1
DA:131,1
DA:144,1
DA:158,1
DA:171,1
DA:175,1
DA:179,15
DA:183,5
DA:187,4
DA:193,8
DA:194,6
DA:195,4
DA:196,4
DA:200,4
DA:201,4
DA:202,2
DA:203,5
DA:205,5
DA:206,21
DA:207,5
DA:209,5
DA:210,5
DA:213,5
DA:214,5
DA:219,1
DA:220,1
DA:228,25
DA:229,25
DA:230,15
DA:231,15
DA:232,39
DA:234,15
DA:238,24
DA:239,22
DA:240,16
DA:241,16
DA:247,10
DA:248,10
DA:249,26
DA:250,26
DA:251,8
DA:254,10
DA:255,4
DA:257,4
DA:258,10
DA:259,10
DA:260,10
DA:261,8
DA:262,8
DA:263,8
DA:269,13
DA:270,13
DA:271,11
DA:272,11
DA:273,11
DA:274,11
DA:275,9
DA:276,5
DA:277,5
DA:278,8
DA:279,8
DA:280,3
DA:281,3
DA:284,5
DA:285,3
DA:286,3
DA:287,3
DA:291,15
DA:293,13
DA:294,22
DA:295,22
DA:296,14
DA:297,14
DA:299,3
DA:300,6
DA:301,6
DA:302,6
DA:303,6
DA:308,1
DA:310,1
DA:311,1
DA:312,1
DA:313,1
DA:314,1
DA:315,1
DA:316,1
DA:323,8
DA:324,0
DA:326,8
DA:327,8
DA:328,8
DA:329,23
DA:330,23
DA:332,8
DA:333,8
DA:334,23
DA:335,23
DA:336,23
DA:338,8
LF:121
LH:119
BRDA:76,1,0,4
BRDA:76,1,1,4
BRDA:81,2,0,4
BRDA:81,2,1,4
BRDA:85,3,0,4
BRDA:85,3,1,0
BRDA:193,4,0,6
BRDA:193,4,1,2
BRDA:194,5,0,4
BRDA:194,5,1,2
BRDA:195,6,0,4
BRDA:195,6,1,0
BRDA:196,7,0,4
BRDA:196,7,1,0
BRDA:200,8,0,4
BRDA:200,8,1,0
BRDA:201,9,0,2
BRDA:201,9,1,2
BRDA:206,10,0,5
BRDA:206,10,1,16
BRDA:229,11,0,15
BRDA:229,11,1,10
BRDA:238,12,0,22
BRDA:238,12,1,2
BRDA:239,13,0,16
BRDA:239,13,1,6
BRDA:240,14,0,16
BRDA:240,14,1,0
BRDA:250,15,0,8
BRDA:250,15,1,18
BRDA:254,16,0,4
BRDA:254,16,1,6
BRDA:255,17,0,4
BRDA:255,17,1,0
BRDA:260,18,0,8
BRDA:260,18,1,2
BRDA:269,19,0,13
BRDA:269,19,1,0
BRDA:270,20,0,11
BRDA:270,20,1,2
BRDA:271,21,0,11
BRDA:271,21,1,0
BRDA:272,22,0,11
BRDA:272,22,1,0
BRDA:274,23,0,9
BRDA:274,23,1,2
BRDA:279,24,0,3
BRDA:279,24,1,5
BRDA:284,25,0,3
BRDA:284,25,1,2
BRDA:291,26,0,13
BRDA:291,26,1,2
BRDA:295,27,0,14
BRDA:295,27,1,8
BRDA:297,28,0,12
BRDA:297,28,1,2
BRDA:323,29,0,0
BRDA:323,29,1,8
BRF:58
BRH:48
end_of_record
TN:
SF:C:\Users\Oli\0n1Loot\contracts\Migrations.sol
FN:8,restricted
FN:16,setCompleted
FNF:2
FNH:0
FNDA:0,restricted
FNDA:0,setCompleted
DA:9,0
DA:13,0
DA:17,0
LF:3
LH:0
BRDA:9,1,0,0
BRDA:9,1,1,0
BRF:2
BRH:0
end_of_record
TN:
SF:C:\Users\Oli\0n1Loot\contracts\mocks\OniMock.sol
FN:6,setOwnerOnis
FN:10,tokenOfOwnerByIndex
FN:19,balanceOf
FNF:3
FNH:2
FNDA:0,setOwnerOnis
FNDA:7,tokenOfOwnerByIndex
FNDA:39,balanceOf
DA:7,0
DA:15,7
DA:16,39
DA:20,39
LF:4
LH:3
BRF:0
BRH:0
end_of_record
